<?xml version="1.0" encoding="UTF-8" ?>
<testsuite tests="11" failures="0" name="com.ameya.tests.StringCalculatorTest" time="0.045" errors="0" skipped="0">
  <properties>
[...]
</properties>
  <testcase classname="com.ameya.tests.StringCalculatorTest" name="when2NumbersAreUsedThenNoExceptionIsThrown" time="0"/>
  <testcase classname="com.ameya.tests.StringCalculatorTest" name="whenTwoNumbersAreUsedThenReturnValueIsTheirSum" time="0"/>
  <testcase classname="com.ameya.tests.StringCalculatorTest" name="whenOneNumberIsUsedThenReturnValueIsThatSameNumber" time="0"/>
  <testcase classname="com.ameya.tests.StringCalculatorTest" name="whenEmptyStringIsUsedThenReturnValueIs0" time="0"/>
  <testcase classname="com.ameya.tests.StringCalculatorTest" name="whenNegativeNumberIsUsedThenRuntimeExceptionIsThrown" time="0.039"/>
  <testcase classname="com.ameya.tests.StringCalculatorTest" name="whenDelimitedIsSpecifiedThenItIsUsedToSeparateNumbers" time="0.001"/>
  <testcase classname="com.ameya.tests.StringCalculatorTest" name="whenNonNumberIsUsedThenExceptionIsThrown" time="0.002"/>
  <testcase classname="com.ameya.tests.StringCalculatorTest" name="whenNewLineIsUsedBetweenNumbersThenReturnValuesAreTheirSums" time="0"/>
  <testcase classname="com.ameya.tests.StringCalculatorTest" name="whenOneOrMoreNumbersAreGreaterThan1000IsUsedThenItIsNotIncludedInSum" time="0"/>
  <testcase classname="com.ameya.tests.StringCalculatorTest" name="whenAnyNumberOfNumbersIsUsedThenReturnValuesAreTheirSums" time="0"/>
  <testcase classname="com.ameya.tests.StringCalculatorTest" name="whenNegativeNumbersAreUsedThenRuntimeExceptionIsThrown" time="0.003"/>
</testsuite>